<?xml version="1.0" encoding="UTF-8"?>
<!-- Generated by org.testng.reporters.JUnitXMLReporter -->
<testsuite ignored="0" hostname="DESKTOP-798MOSF" failures="1" tests="1" name="Bot Mitigation Test case" time="42.834" errors="0" timestamp="2024-10-24T15:51:07 IST">
  <testcase classname="com.waf.testcases.TestBotMitigation" name="verifyBotMitigation" time="36.735">
    <failure type="org.openqa.selenium.NoSuchElementException" message="Cannot locate option with text: wafauto.kubewaf.com
For documentation on this error, please visit: https://selenium.dev/exceptions/#no_such_element
Build info: version: &amp;apos;4.9.0&amp;apos;, revision: &amp;apos;d7057100a6&amp;apos;
System info: os.name: &amp;apos;Windows 10&amp;apos;, os.arch: &amp;apos;amd64&amp;apos;, os.version: &amp;apos;10.0&amp;apos;, java.version: &amp;apos;17.0.6&amp;apos;
Driver info: driver.version: unknown">
      <![CDATA[org.openqa.selenium.NoSuchElementException: Cannot locate option with text: wafauto.kubewaf.com
For documentation on this error, please visit: https://selenium.dev/exceptions/#no_such_element
Build info: version: '4.9.0', revision: 'd7057100a6'
System info: os.name: 'Windows 10', os.arch: 'amd64', os.version: '10.0', java.version: '17.0.6'
Driver info: driver.version: unknown
at org.openqa.selenium.support.ui.Select.selectByVisibleText(Select.java:153)
at com.waf.testcases.TestBotMitigation.selectCluster(TestBotMitigation.java:96)
at com.waf.testcases.TestBotMitigation.verifyBotMitigation(TestBotMitigation.java:210)
at java.base/java.util.ArrayList.forEach(ArrayList.java:1511)
... Removed 27 stack frames]]>
    </failure>
  </testcase> <!-- verifyBotMitigation -->
</testsuite> <!-- Bot Mitigation Test case -->
