<?xml version="1.0" encoding="UTF-8"?>
<!-- Generated by org.testng.reporters.JUnitXMLReporter -->
<testsuite ignored="0" hostname="DESKTOP-798MOSF" failures="1" tests="1" name="Login Test case" time="99.755" errors="0" timestamp="2024-10-24T15:47:54 IST">
  <testcase classname="com.waf.testcases.TestLogin" name="verifyLogin" time="84.172">
    <failure type="java.lang.AssertionError" message="did not expect [https://staging.prophaze.com/home] but found [https://staging.prophaze.com/home]">
      <![CDATA[java.lang.AssertionError: did not expect [https://staging.prophaze.com/home] but found [https://staging.prophaze.com/home]
at com.waf.testcases.TestLogin.signout(TestLogin.java:94)
at com.waf.testcases.TestLogin.verifyLogin(TestLogin.java:161)
at java.base/java.util.ArrayList.forEach(ArrayList.java:1511)
... Removed 32 stack frames]]>
    </failure>
  </testcase> <!-- verifyLogin -->
</testsuite> <!-- Login Test case -->
