<!DOCTYPE html PUBLIC "-//W3C//DTD XHTML 1.1//EN" "https://www.w3.org/TR/xhtml11/DTD/xhtml11.dtd">
<html xmlns="https://www.w3.org/1999/xhtml">
<head>
<meta http-equiv="content-type" content="text/html; charset=UTF-8"/>
<title>TestNG Report</title>
<style type="text/css">table {margin-bottom:10px;border-collapse:collapse;empty-cells:show}th,td {border:1px solid #009;padding:.25em .5em}th {vertical-align:bottom}td {vertical-align:top}table a {font-weight:bold}.stripe td {background-color: #E6EBF9}.num {text-align:right}.passedodd td {background-color: #3F3}.passedeven td {background-color: #0A0}.skippedodd td {background-color: #DDD}.skippedeven td {background-color: #CCC}.failedodd td,.attn {background-color: #F33}.failedeven td,.stripe .attn {background-color: #D00}.stacktrace {white-space:pre;font-family:monospace}.totop {font-size:85%;text-align:center;border-bottom:2px solid #000}.invisible {display:none}</style>
</head>
<body>
<table>
<tr><th>Test</th><th># Passed</th><th># Skipped</th><th># Retried</th><th># Failed</th><th>Time (ms)</th><th>Included Groups</th><th>Excluded Groups</th></tr>
<tr><th colspan="8">WAF Test Suite</th></tr>
<tr><td><a href="#t0">Login Test case</a></td><td class="num">0</td><td class="num">0</td><td class="num">0</td><td class="num attn">1</td><td class="num">99,755</td><td></td><td></td></tr>
<tr class="stripe"><td><a href="#t1">Onboard Test case</a></td><td class="num">1</td><td class="num">0</td><td class="num">0</td><td class="num">0</td><td class="num">149,428</td><td></td><td></td></tr>
<tr><td><a href="#t2">Bot Mitigation Test case</a></td><td class="num">0</td><td class="num">0</td><td class="num">0</td><td class="num attn">1</td><td class="num">42,834</td><td></td><td></td></tr>
<tr><th>Total</th><th class="num">1</th><th class="num">0</th><th class="num">0</th><th class="num attn">2</th><th class="num">292,017</th><th colspan="2"></th></tr>
</table>
<table id='summary'><thead><tr><th>Class</th><th>Method</th><th>Start</th><th>Time (ms)</th></tr></thead><tbody><tr><th colspan="4">WAF Test Suite</th></tr></tbody><tbody id="t0"><tr><th colspan="4">Login Test case &#8212; failed</th></tr><tr class="failedeven"><td rowspan="1">com.waf.testcases.TestLogin</td><td><a href="#m0">verifyLogin</a></td><td rowspan="1">1729764989667</td><td rowspan="1">84172</td></tr></tbody>
<tbody id="t1"><tr><th colspan="4">Onboard Test case &#8212; passed</th></tr><tr class="passedeven"><td rowspan="1">com.waf.testcases.TestOnBoard</td><td><a href="#m1">verifyOnboarding</a></td><td rowspan="1">1729765079979</td><td rowspan="1">143594</td></tr></tbody>
<tbody id="t2"><tr><th colspan="4">Bot Mitigation Test case &#8212; failed</th></tr><tr class="failedeven"><td rowspan="1">com.waf.testcases.TestBotMitigation</td><td><a href="#m2">verifyBotMitigation</a></td><td rowspan="1">1729765229553</td><td rowspan="1">36735</td></tr></tbody>
</table>
<h2>Login Test case</h2><h3 id="m0">com.waf.testcases.TestLogin#verifyLogin</h3><table class="result"><tr><th>Exception</th></tr><tr><td><div class="stacktrace">java.lang.AssertionError: did not expect [https://staging.prophaze.com/home] but found [https://staging.prophaze.com/home]
	at com.waf.testcases.TestLogin.signout(TestLogin.java:94)
	at com.waf.testcases.TestLogin.verifyLogin(TestLogin.java:161)
	at java.base/java.util.ArrayList.forEach(ArrayList.java:1511)
... Removed 32 stack frames</div></td></tr></table><p class="totop"><a href="#summary">back to summary</a></p>
<h2>Onboard Test case</h2><h3 id="m1">com.waf.testcases.TestOnBoard#verifyOnboarding</h3><table class="result"><tr><th class="invisible"/></tr></table><p class="totop"><a href="#summary">back to summary</a></p>
<h2>Bot Mitigation Test case</h2><h3 id="m2">com.waf.testcases.TestBotMitigation#verifyBotMitigation</h3><table class="result"><tr><th>Exception</th></tr><tr><td><div class="stacktrace">org.openqa.selenium.NoSuchElementException: Cannot locate option with text: wafauto.kubewaf.com
For documentation on this error, please visit: https://selenium.dev/exceptions/#no_such_element
Build info: version: &apos;4.9.0&apos;, revision: &apos;d7057100a6&apos;
System info: os.name: &apos;Windows 10&apos;, os.arch: &apos;amd64&apos;, os.version: &apos;10.0&apos;, java.version: &apos;17.0.6&apos;
Driver info: driver.version: unknown
	at org.openqa.selenium.support.ui.Select.selectByVisibleText(Select.java:153)
	at com.waf.testcases.TestBotMitigation.selectCluster(TestBotMitigation.java:96)
	at com.waf.testcases.TestBotMitigation.verifyBotMitigation(TestBotMitigation.java:210)
	at java.base/java.util.ArrayList.forEach(ArrayList.java:1511)
... Removed 27 stack frames</div></td></tr></table><p class="totop"><a href="#summary">back to summary</a></p>
</body>
</html>
